  [1m[36m (1.4ms)[0m  [1mCREATE TABLE "schema_migrations" ("version" varchar NOT NULL) [0m
  [1m[35m (0.1ms)[0m  select sqlite_version(*)
  [1m[36m (1.2ms)[0m  [1mCREATE UNIQUE INDEX "unique_schema_migrations" ON "schema_migrations" ("version")[0m
  [1m[35mActiveRecord::SchemaMigration Load (0.2ms)[0m  SELECT "schema_migrations".* FROM "schema_migrations"
Migrating to CreateLists (20160310040747)
  [1m[36m (0.3ms)[0m  [1mbegin transaction[0m
  [1m[35m (0.4ms)[0m  CREATE TABLE "lists" ("id" INTEGER PRIMARY KEY AUTOINCREMENT NOT NULL, "name" varchar, "created_at" datetime NOT NULL, "updated_at" datetime NOT NULL) 
  [1m[36mSQL (0.2ms)[0m  [1mINSERT INTO "schema_migrations" ("version") VALUES (?)[0m  [["version", "20160310040747"]]
  [1m[35m (0.9ms)[0m  commit transaction
Migrating to CreateItems (20160311012237)
  [1m[36m (0.1ms)[0m  [1mbegin transaction[0m
  [1m[35m (0.7ms)[0m  CREATE TABLE "items" ("id" INTEGER PRIMARY KEY AUTOINCREMENT NOT NULL, "description" varchar, "list_id" integer, "created_at" datetime NOT NULL, "updated_at" datetime NOT NULL) 
  [1m[36mSQL (0.2ms)[0m  [1mINSERT INTO "schema_migrations" ("version") VALUES (?)[0m  [["version", "20160311012237"]]
  [1m[35m (1.0ms)[0m  commit transaction
Migrating to AddStatustoItems (20171219175909)
  [1m[36m (0.1ms)[0m  [1mbegin transaction[0m
  [1m[35m (1.2ms)[0m  ALTER TABLE "items" ADD "status" integer
  [1m[36mSQL (0.2ms)[0m  [1mINSERT INTO "schema_migrations" ("version") VALUES (?)[0m  [["version", "20171219175909"]]
  [1m[35m (1.0ms)[0m  commit transaction
  [1m[36mActiveRecord::SchemaMigration Load (0.1ms)[0m  [1mSELECT "schema_migrations".* FROM "schema_migrations"[0m
  [1m[36mActiveRecord::SchemaMigration Load (0.5ms)[0m  [1mSELECT "schema_migrations".* FROM "schema_migrations"[0m
  [1m[35mActiveRecord::SchemaMigration Load (0.1ms)[0m  SELECT "schema_migrations".* FROM "schema_migrations"
Migrating to AddStatustoItems (20171219175909)
  [1m[36m (0.2ms)[0m  [1mbegin transaction[0m
  [1m[35m (0.5ms)[0m  CREATE TEMPORARY TABLE "aitems" ("id" INTEGER PRIMARY KEY AUTOINCREMENT NOT NULL, "description" varchar, "list_id" integer, "created_at" datetime NOT NULL, "updated_at" datetime NOT NULL, "status" integer) 
  [1m[36m (0.1ms)[0m  [1mSELECT * FROM "items"[0m
  [1m[35m (0.1ms)[0m  INSERT INTO "aitems" ("id","description","list_id","created_at","updated_at","status") VALUES (1, 'Milk', 1, '2017-12-19 18:00:51.194085', '2017-12-19 18:00:51.194085', NULL)
  [1m[36m (0.1ms)[0m  [1mINSERT INTO "aitems" ("id","description","list_id","created_at","updated_at","status") VALUES (2, 'Bread', 1, '2017-12-19 18:01:37.791740', '2017-12-19 18:01:37.791740', NULL)[0m
  [1m[35m (0.1ms)[0m  INSERT INTO "aitems" ("id","description","list_id","created_at","updated_at","status") VALUES (3, 'Eggs', 1, '2017-12-19 18:01:40.274278', '2017-12-19 18:01:40.274278', NULL)
  [1m[36m (1.1ms)[0m  [1mDROP TABLE "items"[0m
  [1m[35m (0.2ms)[0m  CREATE TABLE "items" ("id" INTEGER PRIMARY KEY AUTOINCREMENT NOT NULL, "description" varchar, "list_id" integer, "created_at" datetime NOT NULL, "updated_at" datetime NOT NULL) 
  [1m[36m (0.1ms)[0m  [1mSELECT * FROM "aitems"[0m
  [1m[35m (0.1ms)[0m  INSERT INTO "items" ("id","description","list_id","created_at","updated_at") VALUES (1, 'Milk', 1, '2017-12-19 18:00:51.194085', '2017-12-19 18:00:51.194085')
  [1m[36m (0.1ms)[0m  [1mINSERT INTO "items" ("id","description","list_id","created_at","updated_at") VALUES (2, 'Bread', 1, '2017-12-19 18:01:37.791740', '2017-12-19 18:01:37.791740')[0m
  [1m[35m (0.1ms)[0m  INSERT INTO "items" ("id","description","list_id","created_at","updated_at") VALUES (3, 'Eggs', 1, '2017-12-19 18:01:40.274278', '2017-12-19 18:01:40.274278')
  [1m[36m (0.1ms)[0m  [1mDROP TABLE "aitems"[0m
  [1m[35mSQL (0.4ms)[0m  DELETE FROM "schema_migrations" WHERE "schema_migrations"."version" = ?  [["version", "20171219175909"]]
  [1m[36m (1.1ms)[0m  [1mcommit transaction[0m
  [1m[35mActiveRecord::SchemaMigration Load (0.2ms)[0m  SELECT "schema_migrations".* FROM "schema_migrations"
  [1m[36mActiveRecord::SchemaMigration Load (0.2ms)[0m  [1mSELECT "schema_migrations".* FROM "schema_migrations"[0m
Migrating to AddStatustoItems (20171219175909)
  [1m[35m (0.1ms)[0m  begin transaction
  [1m[36m (0.6ms)[0m  [1mALTER TABLE "items" ADD "status" integer DEFAULT 0[0m
  [1m[35mSQL (0.3ms)[0m  INSERT INTO "schema_migrations" ("version") VALUES (?)  [["version", "20171219175909"]]
  [1m[36m (1.0ms)[0m  [1mcommit transaction[0m
  [1m[35mActiveRecord::SchemaMigration Load (0.1ms)[0m  SELECT "schema_migrations".* FROM "schema_migrations"
